platforms/android/manifest-merger-release-report.txt
-- Merging decision tree log ---
manifest
ADDED from AndroidManifest.xml:2:1
	package
		ADDED from AndroidManifest.xml:2:98
	android:versionName
		ADDED from AndroidManifest.xml:2:70
	android:hardwareAccelerated
		ADDED from AndroidManifest.xml:2:11
	android:versionCode
		ADDED from AndroidManifest.xml:2:46
		INJECTED from AndroidManifest.xml:0:0
		INJECTED from AndroidManifest.xml:0:0
	xmlns:android
		ADDED from AndroidManifest.xml:2:130
supports-screens
ADDED from AndroidManifest.xml:3:5
	android:largeScreens
		ADDED from AndroidManifest.xml:3:49
	android:smallScreens
		ADDED from AndroidManifest.xml:3:132
	android:normalScreens
		ADDED from AndroidManifest.xml:3:77
	android:xlargeScreens
		ADDED from AndroidManifest.xml:3:160
	android:resizeable
		ADDED from AndroidManifest.xml:3:106
	android:anyDensity
		ADDED from AndroidManifest.xml:3:23
uses-permission#android.permission.INTERNET
ADDED from AndroidManifest.xml:4:5
	android:name
		ADDED from AndroidManifest.xml:4:22
uses-permission#android.permission.ACCESS_NETWORK_STATE
ADDED from AndroidManifest.xml:5:5
	android:name
		ADDED from AndroidManifest.xml:5:22
uses-permission#android.permission.ACCESS_WIFI_STATE
ADDED from AndroidManifest.xml:6:5
	android:name
		ADDED from AndroidManifest.xml:6:22
application
ADDED from AndroidManifest.xml:7:5
MERGED from android.com.google.play.services:google-play-services_lib:unspecified:release:22:5
	android:label
		ADDED from AndroidManifest.xml:7:83
	android:supportsRtl
		ADDED from AndroidManifest.xml:7:116
	android:hardwareAccelerated
		ADDED from AndroidManifest.xml:7:18
	android:icon
		ADDED from AndroidManifest.xml:7:53
activity#com.ushotdeals.werdup.MainActivity
ADDED from AndroidManifest.xml:8:9
	android:label
		ADDED from AndroidManifest.xml:8:97
	android:launchMode
		ADDED from AndroidManifest.xml:8:135
	android:windowSoftInputMode
		ADDED from AndroidManifest.xml:8:248
	android:configChanges
		ADDED from AndroidManifest.xml:8:19
	android:theme
		ADDED from AndroidManifest.xml:8:194
	android:name
		ADDED from AndroidManifest.xml:8:166
intent-filter#android.intent.action.MAIN+android.intent.category.LAUNCHER
ADDED from AndroidManifest.xml:9:13
	android:label
		ADDED from AndroidManifest.xml:9:28
action#android.intent.action.MAIN
ADDED from AndroidManifest.xml:10:17
	android:name
		ADDED from AndroidManifest.xml:10:25
category#android.intent.category.LAUNCHER
ADDED from AndroidManifest.xml:11:17
	android:name
		ADDED from AndroidManifest.xml:11:27
intent-filter#android.intent.action.VIEW+android.intent.category.BROWSABLE+android.intent.category.DEFAULT
ADDED from AndroidManifest.xml:13:13
data
ADDED from AndroidManifest.xml:14:17
	android:scheme
		ADDED from AndroidManifest.xml:14:23
action#android.intent.action.VIEW
ADDED from AndroidManifest.xml:15:17
	android:name
		ADDED from AndroidManifest.xml:15:25
category#android.intent.category.DEFAULT
ADDED from AndroidManifest.xml:16:17
	android:name
		ADDED from AndroidManifest.xml:16:27
category#android.intent.category.BROWSABLE
ADDED from AndroidManifest.xml:17:17
	android:name
		ADDED from AndroidManifest.xml:17:27
meta-data#com.google.android.gms.version
ADDED from AndroidManifest.xml:20:9
MERGED from android.com.google.play.services:google-play-services_lib:unspecified:release:23:9
	android:value
		ADDED from AndroidManifest.xml:20:66
	android:name
		ADDED from AndroidManifest.xml:20:20
service#com.google.analytics.tracking.android.CampaignTrackingService
ADDED from AndroidManifest.xml:21:9
	android:name
		ADDED from AndroidManifest.xml:21:18
receiver#com.google.analytics.tracking.android.CampaignTrackingReceiver
ADDED from AndroidManifest.xml:22:9
	android:exported
		ADDED from AndroidManifest.xml:22:19
	android:name
		ADDED from AndroidManifest.xml:22:43
intent-filter#com.android.vending.INSTALL_REFERRER
ADDED from AndroidManifest.xml:23:13
action#com.android.vending.INSTALL_REFERRER
ADDED from AndroidManifest.xml:24:17
	android:name
		ADDED from AndroidManifest.xml:24:25
uses-sdk
ADDED from AndroidManifest.xml:28:5
MERGED from android:CordovaLib:unspecified:release:25:5
MERGED from android.com.google.play.services:google-play-services_lib:unspecified:release:20:5
MERGED from android:CordovaLib:unspecified:release:25:5
	android:targetSdkVersion
		ADDED from AndroidManifest.xml:28:42
	android:minSdkVersion
		ADDED from AndroidManifest.xml:28:15
uses-permission#android.permission.WRITE_EXTERNAL_STORAGE
ADDED from AndroidManifest.xml:29:5
	android:name
		ADDED from AndroidManifest.xml:29:22